"2019-12-23 [restartedMain] INFO  c.e.mongo.demo.DemoMongoApplication - Starting DemoMongoApplication on aipl-lt-1185.local with PID 5411 (/Users/echaluvaiah/Projects/demo-mongo-application/target/classes started by echaluvaiah in /Users/echaluvaiah/Projects/demo-mongo-application)
""2019-12-23 [restartedMain] DEBUG c.e.mongo.demo.DemoMongoApplication - Running with Spring Boot v2.2.2.RELEASE, Spring v5.2.2.RELEASE
""2019-12-23 [restartedMain] INFO  c.e.mongo.demo.DemoMongoApplication - No active profile set, falling back to default profiles: default
""2019-12-23 [restartedMain] DEBUG o.s.web.context.ContextLoader - Published root WebApplicationContext as ServletContext attribute with name [org.springframework.web.context.WebApplicationContext.ROOT]
""2019-12-23 [restartedMain] INFO  o.s.web.context.ContextLoader - Root WebApplicationContext: initialization completed in 1272 ms
""2019-12-23 [restartedMain] DEBUG o.s.w.s.m.m.a.RequestMappingHandlerAdapter - ControllerAdvice beans: 0 @ModelAttribute, 0 @InitBinder, 1 RequestBodyAdvice, 1 ResponseBodyAdvice
""2019-12-23 [restartedMain] DEBUG o.s.w.s.m.m.a.RequestMappingHandlerMapping - 7 mappings in 'requestMappingHandlerMapping'
""2019-12-23 [restartedMain] DEBUG o.s.w.s.h.SimpleUrlHandlerMapping - Patterns [/webjars/**, /**] in 'resourceHandlerMapping'
""2019-12-23 [restartedMain] DEBUG o.s.w.s.m.m.a.ExceptionHandlerExceptionResolver - ControllerAdvice beans: 0 @ExceptionHandler, 1 ResponseBodyAdvice
""2019-12-23 [restartedMain] INFO  c.e.mongo.demo.DemoMongoApplication - Started DemoMongoApplication in 2.539 seconds (JVM running for 2.914)
""2019-12-23 [http-nio-8077-exec-1] INFO  o.s.web.servlet.DispatcherServlet - Initializing Servlet 'dispatcherServlet'
""2019-12-23 [http-nio-8077-exec-1] DEBUG o.s.web.servlet.DispatcherServlet - Detected StandardServletMultipartResolver
""2019-12-23 [http-nio-8077-exec-1] DEBUG o.s.web.servlet.DispatcherServlet - enableLoggingRequestDetails='false': request parameters and headers will be masked to prevent unsafe logging of potentially sensitive data
""2019-12-23 [http-nio-8077-exec-1] INFO  o.s.web.servlet.DispatcherServlet - Completed initialization in 9 ms
""2019-12-23 [http-nio-8077-exec-1] DEBUG o.s.web.servlet.DispatcherServlet - POST "/user", parameters={}
""2019-12-23 [http-nio-8077-exec-1] DEBUG o.s.w.s.m.m.a.RequestMappingHandlerMapping - Mapped to com.eshwar.mongo.demo.controller.UserController#createUser(User)
""2019-12-23 [http-nio-8077-exec-1] DEBUG o.s.w.s.m.m.a.RequestResponseBodyMethodProcessor - Read "application/json;charset=UTF-8" to [User(id=null, firstName=Sandesh, lastName=Anjaneya, age=32)]
""2019-12-23 [http-nio-8077-exec-1] INFO  c.e.m.demo.controller.UserController - request received in post : User(id=null, firstName=Sandesh, lastName=Anjaneya, age=32)
""2019-12-23 [http-nio-8077-exec-1] DEBUG o.s.w.s.m.m.a.RequestResponseBodyMethodProcessor - Using 'application/json', given [*/*] and supported [application/json]
""2019-12-23 [http-nio-8077-exec-1] DEBUG o.s.w.s.m.m.a.RequestResponseBodyMethodProcessor - Writing [User(id=5e00a6e0243be9294f565309, firstName=Sandesh, lastName=Anjaneya, age=32)]
""2019-12-23 [http-nio-8077-exec-1] DEBUG o.s.web.servlet.DispatcherServlet - Completed 200 OK
""2019-12-23 [restartedMain] INFO  c.e.mongo.demo.DemoMongoApplication - Starting DemoMongoApplication on aipl-lt-1185.local with PID 8634 (/Users/echaluvaiah/Projects/demo-mongo-application/target/classes started by echaluvaiah in /Users/echaluvaiah/Projects/demo-mongo-application)
""2019-12-23 [restartedMain] DEBUG c.e.mongo.demo.DemoMongoApplication - Running with Spring Boot v2.2.2.RELEASE, Spring v5.2.2.RELEASE
""2019-12-23 [restartedMain] INFO  c.e.mongo.demo.DemoMongoApplication - No active profile set, falling back to default profiles: default
""2019-12-23 [restartedMain] DEBUG o.s.web.context.ContextLoader - Published root WebApplicationContext as ServletContext attribute with name [org.springframework.web.context.WebApplicationContext.ROOT]
""2019-12-23 [restartedMain] INFO  o.s.web.context.ContextLoader - Root WebApplicationContext: initialization completed in 1733 ms
""2019-12-23 [restartedMain] DEBUG o.s.w.s.m.m.a.RequestMappingHandlerAdapter - ControllerAdvice beans: 0 @ModelAttribute, 0 @InitBinder, 1 RequestBodyAdvice, 1 ResponseBodyAdvice
""2019-12-23 [restartedMain] DEBUG o.s.w.s.m.m.a.RequestMappingHandlerMapping - 7 mappings in 'requestMappingHandlerMapping'
""2019-12-23 [restartedMain] DEBUG o.s.w.s.h.SimpleUrlHandlerMapping - Patterns [/webjars/**, /**] in 'resourceHandlerMapping'
""2019-12-23 [restartedMain] DEBUG o.s.w.s.m.m.a.ExceptionHandlerExceptionResolver - ControllerAdvice beans: 0 @ExceptionHandler, 1 ResponseBodyAdvice
""2019-12-23 [restartedMain] INFO  c.e.mongo.demo.DemoMongoApplication - Started DemoMongoApplication in 3.721 seconds (JVM running for 4.22)
""2019-12-23 [http-nio-8077-exec-2] INFO  o.s.web.servlet.DispatcherServlet - Initializing Servlet 'dispatcherServlet'
""2019-12-23 [http-nio-8077-exec-2] DEBUG o.s.web.servlet.DispatcherServlet - Detected StandardServletMultipartResolver
""2019-12-23 [http-nio-8077-exec-2] DEBUG o.s.web.servlet.DispatcherServlet - enableLoggingRequestDetails='false': request parameters and headers will be masked to prevent unsafe logging of potentially sensitive data
""2019-12-23 [http-nio-8077-exec-2] INFO  o.s.web.servlet.DispatcherServlet - Completed initialization in 7 ms
""2019-12-23 [http-nio-8077-exec-2] DEBUG o.s.web.servlet.DispatcherServlet - GET "/user", parameters={}
""2019-12-23 [http-nio-8077-exec-2] DEBUG o.s.w.s.m.m.a.RequestMappingHandlerMapping - Mapped to com.eshwar.mongo.demo.controller.UserController#geteUsers()
""2019-12-23 [http-nio-8077-exec-2] DEBUG o.s.w.s.m.m.a.RequestResponseBodyMethodProcessor - Using 'application/json', given [*/*] and supported [application/json]
""2019-12-23 [http-nio-8077-exec-2] DEBUG o.s.w.s.m.m.a.RequestResponseBodyMethodProcessor - Writing [[User(id=5e0097bb56a09e3124ca2890, firstName=Eshwara, lastName=Chaluvaiah, age=30), User(id=5e009c1d (truncated)...]
""2019-12-23 [http-nio-8077-exec-2] DEBUG o.s.web.servlet.DispatcherServlet - Completed 200 OK
""2019-12-23 [http-nio-8077-exec-3] DEBUG o.s.web.servlet.DispatcherServlet - GET "/user/5e009d178c7c920d0c389ae5", parameters={}
""2019-12-23 [http-nio-8077-exec-3] DEBUG o.s.w.s.m.m.a.RequestMappingHandlerMapping - Mapped to com.eshwar.mongo.demo.controller.UserController#getUser(String)
""2019-12-23 [http-nio-8077-exec-3] DEBUG o.s.w.s.m.m.a.RequestResponseBodyMethodProcessor - Using 'application/json', given [*/*] and supported [application/json]
""2019-12-23 [http-nio-8077-exec-3] DEBUG o.s.w.s.m.m.a.RequestResponseBodyMethodProcessor - Writing [User(id=5e009d178c7c920d0c389ae5, firstName=null, lastName=null, age=null)]
""2019-12-23 [http-nio-8077-exec-3] DEBUG o.s.web.servlet.DispatcherServlet - Completed 200 OK
""2019-12-23 [http-nio-8077-exec-4] DEBUG o.s.web.servlet.DispatcherServlet - GET "/user/", parameters={}
""2019-12-23 [http-nio-8077-exec-4] DEBUG o.s.w.s.m.m.a.RequestMappingHandlerMapping - Mapped to com.eshwar.mongo.demo.controller.UserController#geteUsers()
""2019-12-23 [http-nio-8077-exec-4] DEBUG o.s.w.s.m.m.a.RequestResponseBodyMethodProcessor - Using 'application/json', given [*/*] and supported [application/json]
""2019-12-23 [http-nio-8077-exec-4] DEBUG o.s.w.s.m.m.a.RequestResponseBodyMethodProcessor - Writing [[User(id=5e0097bb56a09e3124ca2890, firstName=Eshwara, lastName=Chaluvaiah, age=30), User(id=5e009c1d (truncated)...]
""2019-12-23 [http-nio-8077-exec-4] DEBUG o.s.web.servlet.DispatcherServlet - Completed 200 OK
""2019-12-23 [http-nio-8077-exec-5] DEBUG o.s.web.servlet.DispatcherServlet - PUT "/user/", parameters={}
""2019-12-23 [http-nio-8077-exec-5] DEBUG o.s.w.s.m.m.a.RequestMappingHandlerMapping - Mapped to com.eshwar.mongo.demo.controller.UserController#updateUser(User)
""2019-12-23 [http-nio-8077-exec-5] INFO  c.e.m.demo.controller.UserController - request received in put : User(id=null, firstName=null, lastName=null, age=null)
""2019-12-23 [http-nio-8077-exec-5] DEBUG o.s.web.servlet.DispatcherServlet - Failed to complete request: java.lang.IllegalArgumentException: The given id must not be null!
""2019-12-23 [http-nio-8077-exec-5] ERROR o.a.c.c.C.[.[.[.[dispatcherServlet] - Servlet.service() for servlet [dispatcherServlet] in context with path [] threw exception [Request processing failed; nested exception is java.lang.IllegalArgumentException: The given id must not be null!] with root cause
"java.lang.IllegalArgumentException: The given id must not be null!
	at org.springframework.util.Assert.notNull(Assert.java:198)
	at org.springframework.data.mongodb.repository.support.SimpleMongoRepository.findById(SimpleMongoRepository.java:118)
	at sun.reflect.NativeMethodAccessorImpl.invoke0(Native Method)
	at sun.reflect.NativeMethodAccessorImpl.invoke(NativeMethodAccessorImpl.java:62)
	at sun.reflect.DelegatingMethodAccessorImpl.invoke(DelegatingMethodAccessorImpl.java:43)
	at java.lang.reflect.Method.invoke(Method.java:498)
	at org.springframework.data.repository.core.support.RepositoryComposition$RepositoryFragments.invoke(RepositoryComposition.java:371)
	at org.springframework.data.repository.core.support.RepositoryComposition.invoke(RepositoryComposition.java:204)
	at org.springframework.data.repository.core.support.RepositoryFactorySupport$ImplementationMethodExecutionInterceptor.invoke(RepositoryFactorySupport.java:657)
	at org.springframework.aop.framework.ReflectiveMethodInvocation.proceed(ReflectiveMethodInvocation.java:186)
	at org.springframework.data.repository.core.support.RepositoryFactorySupport$QueryExecutorMethodInterceptor.doInvoke(RepositoryFactorySupport.java:621)
	at org.springframework.data.repository.core.support.RepositoryFactorySupport$QueryExecutorMethodInterceptor.invoke(RepositoryFactorySupport.java:605)
	at org.springframework.aop.framework.ReflectiveMethodInvocation.proceed(ReflectiveMethodInvocation.java:186)
	at org.springframework.data.projection.DefaultMethodInvokingMethodInterceptor.invoke(DefaultMethodInvokingMethodInterceptor.java:80)
	at org.springframework.aop.framework.ReflectiveMethodInvocation.proceed(ReflectiveMethodInvocation.java:186)
	at org.springframework.aop.interceptor.ExposeInvocationInterceptor.invoke(ExposeInvocationInterceptor.java:93)
	at org.springframework.aop.framework.ReflectiveMethodInvocation.proceed(ReflectiveMethodInvocation.java:186)
	at org.springframework.aop.framework.JdkDynamicAopProxy.invoke(JdkDynamicAopProxy.java:212)
	at com.sun.proxy.$Proxy98.findById(Unknown Source)
	at com.eshwar.mongo.demo.service.UserService.updateUser(UserService.java:24)
	at com.eshwar.mongo.demo.controller.UserController.updateUser(UserController.java:30)
	at sun.reflect.NativeMethodAccessorImpl.invoke0(Native Method)
	at sun.reflect.NativeMethodAccessorImpl.invoke(NativeMethodAccessorImpl.java:62)
	at sun.reflect.DelegatingMethodAccessorImpl.invoke(DelegatingMethodAccessorImpl.java:43)
	at java.lang.reflect.Method.invoke(Method.java:498)
	at org.springframework.web.method.support.InvocableHandlerMethod.doInvoke(InvocableHandlerMethod.java:190)
	at org.springframework.web.method.support.InvocableHandlerMethod.invokeForRequest(InvocableHandlerMethod.java:138)
	at org.springframework.web.servlet.mvc.method.annotation.ServletInvocableHandlerMethod.invokeAndHandle(ServletInvocableHandlerMethod.java:106)
	at org.springframework.web.servlet.mvc.method.annotation.RequestMappingHandlerAdapter.invokeHandlerMethod(RequestMappingHandlerAdapter.java:888)
	at org.springframework.web.servlet.mvc.method.annotation.RequestMappingHandlerAdapter.handleInternal(RequestMappingHandlerAdapter.java:793)
	at org.springframework.web.servlet.mvc.method.AbstractHandlerMethodAdapter.handle(AbstractHandlerMethodAdapter.java:87)
	at org.springframework.web.servlet.DispatcherServlet.doDispatch(DispatcherServlet.java:1040)
	at org.springframework.web.servlet.DispatcherServlet.doService(DispatcherServlet.java:943)
	at org.springframework.web.servlet.FrameworkServlet.processRequest(FrameworkServlet.java:1006)
	at org.springframework.web.servlet.FrameworkServlet.doPut(FrameworkServlet.java:920)
	at javax.servlet.http.HttpServlet.service(HttpServlet.java:663)
	at org.springframework.web.servlet.FrameworkServlet.service(FrameworkServlet.java:883)
	at javax.servlet.http.HttpServlet.service(HttpServlet.java:741)
	at org.apache.catalina.core.ApplicationFilterChain.internalDoFilter(ApplicationFilterChain.java:231)
	at org.apache.catalina.core.ApplicationFilterChain.doFilter(ApplicationFilterChain.java:166)
	at org.apache.tomcat.websocket.server.WsFilter.doFilter(WsFilter.java:53)
	at org.apache.catalina.core.ApplicationFilterChain.internalDoFilter(ApplicationFilterChain.java:193)
	at org.apache.catalina.core.ApplicationFilterChain.doFilter(ApplicationFilterChain.java:166)
	at org.springframework.web.filter.RequestContextFilter.doFilterInternal(RequestContextFilter.java:100)
	at org.springframework.web.filter.OncePerRequestFilter.doFilter(OncePerRequestFilter.java:119)
	at org.apache.catalina.core.ApplicationFilterChain.internalDoFilter(ApplicationFilterChain.java:193)
	at org.apache.catalina.core.ApplicationFilterChain.doFilter(ApplicationFilterChain.java:166)
	at org.springframework.web.filter.FormContentFilter.doFilterInternal(FormContentFilter.java:93)
	at org.springframework.web.filter.OncePerRequestFilter.doFilter(OncePerRequestFilter.java:119)
	at org.apache.catalina.core.ApplicationFilterChain.internalDoFilter(ApplicationFilterChain.java:193)
	at org.apache.catalina.core.ApplicationFilterChain.doFilter(ApplicationFilterChain.java:166)
	at org.springframework.boot.actuate.metrics.web.servlet.WebMvcMetricsFilter.doFilterInternal(WebMvcMetricsFilter.java:108)
	at org.springframework.web.filter.OncePerRequestFilter.doFilter(OncePerRequestFilter.java:119)
	at org.apache.catalina.core.ApplicationFilterChain.internalDoFilter(ApplicationFilterChain.java:193)
	at org.apache.catalina.core.ApplicationFilterChain.doFilter(ApplicationFilterChain.java:166)
	at org.springframework.web.filter.CharacterEncodingFilter.doFilterInternal(CharacterEncodingFilter.java:201)
	at org.springframework.web.filter.OncePerRequestFilter.doFilter(OncePerRequestFilter.java:119)
	at org.apache.catalina.core.ApplicationFilterChain.internalDoFilter(ApplicationFilterChain.java:193)
	at org.apache.catalina.core.ApplicationFilterChain.doFilter(ApplicationFilterChain.java:166)
	at org.apache.catalina.core.StandardWrapperValve.invoke(StandardWrapperValve.java:202)
	at org.apache.catalina.core.StandardContextValve.invoke(StandardContextValve.java:96)
	at org.apache.catalina.authenticator.AuthenticatorBase.invoke(AuthenticatorBase.java:526)
	at org.apache.catalina.core.StandardHostValve.invoke(StandardHostValve.java:139)
	at org.apache.catalina.valves.ErrorReportValve.invoke(ErrorReportValve.java:92)
	at org.apache.catalina.core.StandardEngineValve.invoke(StandardEngineValve.java:74)
	at org.apache.catalina.connector.CoyoteAdapter.service(CoyoteAdapter.java:343)
	at org.apache.coyote.http11.Http11Processor.service(Http11Processor.java:367)
	at org.apache.coyote.AbstractProcessorLight.process(AbstractProcessorLight.java:65)
	at org.apache.coyote.AbstractProtocol$ConnectionHandler.process(AbstractProtocol.java:860)
	at org.apache.tomcat.util.net.NioEndpoint$SocketProcessor.doRun(NioEndpoint.java:1591)
	at org.apache.tomcat.util.net.SocketProcessorBase.run(SocketProcessorBase.java:49)
	at java.util.concurrent.ThreadPoolExecutor.runWorker(ThreadPoolExecutor.java:1149)
	at java.util.concurrent.ThreadPoolExecutor$Worker.run(ThreadPoolExecutor.java:624)
	at org.apache.tomcat.util.threads.TaskThread$WrappingRunnable.run(TaskThread.java:61)
	at java.lang.Thread.run(Thread.java:748)
"2019-12-23 [http-nio-8077-exec-5] DEBUG o.s.web.servlet.DispatcherServlet - "ERROR" dispatch for PUT "/error", parameters={}
""2019-12-23 [http-nio-8077-exec-5] DEBUG o.s.w.s.m.m.a.RequestMappingHandlerMapping - Mapped to org.springframework.boot.autoconfigure.web.servlet.error.BasicErrorController#error(HttpServletRequest)
""2019-12-23 [http-nio-8077-exec-5] DEBUG o.s.w.s.m.m.a.HttpEntityMethodProcessor - Using 'application/json', given [*/*] and supported [application/json, application/*+json, application/json, application/*+json]
""2019-12-23 [http-nio-8077-exec-5] DEBUG o.s.w.s.m.m.a.HttpEntityMethodProcessor - Writing [{timestamp=Mon Dec 23 22:25:19 IST 2019, status=500, error=Internal Server Error, message=The given  (truncated)...]
""2019-12-23 [http-nio-8077-exec-5] DEBUG o.s.web.servlet.DispatcherServlet - Exiting from "ERROR" dispatch, status 500
""2019-12-23 [restartedMain] INFO  c.e.mongo.demo.DemoMongoApplication - Starting DemoMongoApplication on aipl-lt-1185.local with PID 8748 (/Users/echaluvaiah/Projects/demo-mongo-application/target/classes started by echaluvaiah in /Users/echaluvaiah/Projects/demo-mongo-application)
""2019-12-23 [restartedMain] DEBUG c.e.mongo.demo.DemoMongoApplication - Running with Spring Boot v2.2.2.RELEASE, Spring v5.2.2.RELEASE
""2019-12-23 [restartedMain] INFO  c.e.mongo.demo.DemoMongoApplication - No active profile set, falling back to default profiles: default
""2019-12-23 [restartedMain] DEBUG o.s.web.context.ContextLoader - Published root WebApplicationContext as ServletContext attribute with name [org.springframework.web.context.WebApplicationContext.ROOT]
""2019-12-23 [restartedMain] INFO  o.s.web.context.ContextLoader - Root WebApplicationContext: initialization completed in 1283 ms
""2019-12-23 [restartedMain] DEBUG o.s.w.s.m.m.a.RequestMappingHandlerAdapter - ControllerAdvice beans: 0 @ModelAttribute, 0 @InitBinder, 1 RequestBodyAdvice, 1 ResponseBodyAdvice
""2019-12-23 [restartedMain] DEBUG o.s.w.s.m.m.a.RequestMappingHandlerMapping - 7 mappings in 'requestMappingHandlerMapping'
""2019-12-23 [restartedMain] DEBUG o.s.w.s.h.SimpleUrlHandlerMapping - Patterns [/webjars/**, /**] in 'resourceHandlerMapping'
""2019-12-23 [restartedMain] DEBUG o.s.w.s.m.m.a.ExceptionHandlerExceptionResolver - ControllerAdvice beans: 0 @ExceptionHandler, 1 ResponseBodyAdvice
""2019-12-23 [restartedMain] INFO  c.e.mongo.demo.DemoMongoApplication - Started DemoMongoApplication in 2.817 seconds (JVM running for 3.297)
""2019-12-23 [http-nio-8077-exec-1] INFO  o.s.web.servlet.DispatcherServlet - Initializing Servlet 'dispatcherServlet'
""2019-12-23 [http-nio-8077-exec-1] DEBUG o.s.web.servlet.DispatcherServlet - Detected StandardServletMultipartResolver
""2019-12-23 [http-nio-8077-exec-1] DEBUG o.s.web.servlet.DispatcherServlet - enableLoggingRequestDetails='false': request parameters and headers will be masked to prevent unsafe logging of potentially sensitive data
""2019-12-23 [http-nio-8077-exec-1] INFO  o.s.web.servlet.DispatcherServlet - Completed initialization in 5 ms
""2019-12-23 [http-nio-8077-exec-1] DEBUG o.s.web.servlet.DispatcherServlet - GET "/user/", parameters={}
""2019-12-23 [http-nio-8077-exec-1] DEBUG o.s.w.s.m.m.a.RequestMappingHandlerMapping - Mapped to com.eshwar.mongo.demo.controller.UserController#geteUsers()
""2019-12-23 [http-nio-8077-exec-1] DEBUG o.s.w.s.m.m.a.RequestResponseBodyMethodProcessor - Using 'application/json', given [*/*] and supported [application/json]
""2019-12-23 [http-nio-8077-exec-1] DEBUG o.s.w.s.m.m.a.RequestResponseBodyMethodProcessor - Writing [[User(id=5e0097bb56a09e3124ca2890, firstName=Eshwara, lastName=Chaluvaiah, age=30), User(id=5e009c1d (truncated)...]
""2019-12-23 [http-nio-8077-exec-1] DEBUG o.s.web.servlet.DispatcherServlet - Completed 200 OK
""2019-12-23 [http-nio-8077-exec-3] DEBUG o.s.web.servlet.DispatcherServlet - PUT "/user/", parameters={}
""2019-12-23 [http-nio-8077-exec-3] DEBUG o.s.w.s.m.m.a.RequestMappingHandlerMapping - Mapped to com.eshwar.mongo.demo.controller.UserController#updateUser(User)
""2019-12-23 [http-nio-8077-exec-3] DEBUG o.s.w.s.m.m.a.RequestResponseBodyMethodProcessor - Read "application/json;charset=UTF-8" to [User(id=5e009e3a751a940f3d68e91c, firstName=Steve, lastName=jobs, age=65)]
""2019-12-23 [http-nio-8077-exec-3] INFO  c.e.m.demo.controller.UserController - request received in put : User(id=5e009e3a751a940f3d68e91c, firstName=Steve, lastName=jobs, age=65)
""2019-12-23 [http-nio-8077-exec-3] DEBUG o.s.w.s.m.m.a.RequestResponseBodyMethodProcessor - Using 'application/json', given [*/*] and supported [application/json]
""2019-12-23 [http-nio-8077-exec-3] DEBUG o.s.w.s.m.m.a.RequestResponseBodyMethodProcessor - Writing [User(id=5e009e3a751a940f3d68e91c, firstName=Steve, lastName=jobs, age=65)]
""2019-12-23 [http-nio-8077-exec-3] DEBUG o.s.web.servlet.DispatcherServlet - Completed 200 OK
""2019-12-23 [http-nio-8077-exec-4] DEBUG o.s.web.servlet.DispatcherServlet - GET "/user/", parameters={}
""2019-12-23 [http-nio-8077-exec-4] DEBUG o.s.w.s.m.m.a.RequestMappingHandlerMapping - Mapped to com.eshwar.mongo.demo.controller.UserController#geteUsers()
""2019-12-23 [http-nio-8077-exec-4] DEBUG o.s.w.s.m.m.a.RequestResponseBodyMethodProcessor - Using 'application/json', given [*/*] and supported [application/json]
""2019-12-23 [http-nio-8077-exec-4] DEBUG o.s.w.s.m.m.a.RequestResponseBodyMethodProcessor - Writing [[User(id=5e0097bb56a09e3124ca2890, firstName=Eshwara, lastName=Chaluvaiah, age=30), User(id=5e009c1d (truncated)...]
""2019-12-23 [http-nio-8077-exec-4] DEBUG o.s.web.servlet.DispatcherServlet - Completed 200 OK
""2019-12-23 [http-nio-8077-exec-5] DEBUG o.s.web.servlet.DispatcherServlet - PUT "/user/", parameters={}
""2019-12-23 [http-nio-8077-exec-5] DEBUG o.s.w.s.m.m.a.RequestMappingHandlerMapping - Mapped to com.eshwar.mongo.demo.controller.UserController#updateUser(User)
""2019-12-23 [http-nio-8077-exec-5] DEBUG o.s.w.s.m.m.a.RequestResponseBodyMethodProcessor - Read "application/json;charset=UTF-8" to [User(id=5e009d178c7c920d0c389ae5, firstName=Michel Jai, lastName=White, age=50)]
""2019-12-23 [http-nio-8077-exec-5] INFO  c.e.m.demo.controller.UserController - request received in put : User(id=5e009d178c7c920d0c389ae5, firstName=Michel Jai, lastName=White, age=50)
""2019-12-23 [http-nio-8077-exec-5] DEBUG o.s.w.s.m.m.a.RequestResponseBodyMethodProcessor - Using 'application/json', given [*/*] and supported [application/json]
""2019-12-23 [http-nio-8077-exec-5] DEBUG o.s.w.s.m.m.a.RequestResponseBodyMethodProcessor - Writing [User(id=5e009d178c7c920d0c389ae5, firstName=Michel Jai, lastName=White, age=50)]
""2019-12-23 [http-nio-8077-exec-5] DEBUG o.s.web.servlet.DispatcherServlet - Completed 200 OK
""2019-12-23 [http-nio-8077-exec-6] DEBUG o.s.web.servlet.DispatcherServlet - GET "/user/", parameters={}
""2019-12-23 [http-nio-8077-exec-6] DEBUG o.s.w.s.m.m.a.RequestMappingHandlerMapping - Mapped to com.eshwar.mongo.demo.controller.UserController#geteUsers()
""2019-12-23 [http-nio-8077-exec-6] DEBUG o.s.w.s.m.m.a.RequestResponseBodyMethodProcessor - Using 'application/json', given [*/*] and supported [application/json]
""2019-12-23 [http-nio-8077-exec-6] DEBUG o.s.w.s.m.m.a.RequestResponseBodyMethodProcessor - Writing [[User(id=5e0097bb56a09e3124ca2890, firstName=Eshwara, lastName=Chaluvaiah, age=30), User(id=5e009c1d (truncated)...]
""2019-12-23 [http-nio-8077-exec-6] DEBUG o.s.web.servlet.DispatcherServlet - Completed 200 OK
"